SF:/home/runner/work/scrapbox-history-slider/scrapbox-history-slider/convert.ts
FN:23,convert
FN:86,makeChangeInfo
FN:124,makeSnapshots
FN:152,applyReverseChanges
FN:167,applyReverseChange
FNDA:0,convert
FNDA:0,makeChangeInfo
FNDA:8,makeSnapshots
FNDA:9,applyReverseChanges
FNDA:8,applyReverseChange
FNF:5
FNH:3
BRDA:130,3,0,2
BRDA:132,3,1,6
BRDA:138,3,2,9
BRDA:144,3,3,6
BRDA:156,4,0,8
BRDA:173,5,0,5
BRDA:176,5,1,3
BRDA:178,5,2,2
BRDA:189,5,3,0
BRDA:191,5,4,1
BRDA:205,5,5,0
BRF:11
BRH:9
DA:23,0
DA:24,0
DA:27,0
DA:28,0
DA:29,0
DA:30,0
DA:31,0
DA:32,0
DA:35,0
DA:38,0
DA:39,0
DA:40,0
DA:41,0
DA:42,0
DA:43,0
DA:44,0
DA:45,0
DA:46,0
DA:47,0
DA:48,0
DA:49,0
DA:50,0
DA:53,0
DA:55,0
DA:56,0
DA:57,0
DA:58,0
DA:60,0
DA:61,0
DA:62,0
DA:63,0
DA:66,0
DA:67,0
DA:68,0
DA:69,0
DA:70,0
DA:72,0
DA:73,0
DA:75,0
DA:76,0
DA:77,0
DA:78,0
DA:79,0
DA:80,0
DA:81,0
DA:83,0
DA:84,0
DA:86,0
DA:87,0
DA:88,0
DA:89,0
DA:90,0
DA:91,0
DA:92,0
DA:93,0
DA:94,0
DA:95,0
DA:96,0
DA:97,0
DA:98,0
DA:99,0
DA:100,0
DA:101,0
DA:102,0
DA:103,0
DA:104,0
DA:105,0
DA:106,0
DA:107,0
DA:108,0
DA:109,0
DA:110,0
DA:111,0
DA:112,0
DA:113,0
DA:114,0
DA:115,0
DA:124,1
DA:125,1
DA:126,1
DA:128,9
DA:130,9
DA:131,11
DA:132,11
DA:135,45
DA:138,9
DA:140,54
DA:143,18
DA:144,18
DA:146,15
DA:147,1
DA:152,1
DA:153,30
DA:156,10
DA:157,18
DA:158,18
DA:159,18
DA:161,10
DA:162,10
DA:167,1
DA:168,1
DA:169,1
DA:170,1
DA:171,1
DA:173,9
DA:175,14
DA:176,14
DA:178,9
DA:180,11
DA:181,11
DA:182,33
DA:183,11
DA:184,11
DA:185,11
DA:186,11
DA:187,11
DA:188,11
DA:189,11
DA:190,0
DA:191,0
DA:193,10
DA:195,10
DA:196,10
DA:197,10
DA:198,10
DA:199,10
DA:200,10
DA:201,10
DA:204,40
DA:205,10
DA:207,0
DA:208,9
LH:52
LF:132
end_of_record
